=== Startup rebuild Mo 16. Mär 21:15:43 CET 2026 ===
./run_on_startup.sh: line 7: ./rebuild_all.sh: Permission denied
=== Done Mo 16. Mär 21:15:43 CET 2026 ===
=== Startup rebuild Mo 16. Mär 21:20:05 CET 2026 ===
21:20:05  INFO     Authenticating as gafferlloyd@gmail.com …
21:20:08  INFO     Authenticated.
21:20:08  INFO     Fetching cycling/running activities since 2026-02-02 …
21:20:11  INFO     Found 107 cycling/running activities in last 42 days (from 107 total).
21:20:11  INFO     Processing 1/107  [indoor_cycling] …
21:20:11  INFO       ↓ [22194278490] indoor_cycling    Indoor Cycling
21:20:11  INFO         → parsed: 2026-03-16_18-00-00_cycling_22194278490.json
21:20:13  INFO     Processing 2/107  [cycling] …
21:20:13  INFO       ↓ [22192063849] cycling           Munich Cycling
21:20:13  INFO         → parsed: 2026-03-16_14-44-25_cycling_22192063849.json
21:20:15  INFO     Processing 3/107  [cycling] …
21:20:15  INFO       ↓ [22189026866] cycling           Munich Cycling
21:20:16  INFO         → parsed: 2026-03-16_08-32-18_cycling_22189026866.json
21:20:17  INFO     Processing 4/107  [running] …
21:20:17  INFO       ↓ [22182960400] running           Munich Running
21:20:20  INFO         → parsed: 2026-03-15_13-49-55_running_22182960400.json
21:20:22  INFO     Processing 5/107  [running] …
21:20:22  INFO       ↓ [22167989866] running           Munich Running
21:20:24  INFO         → parsed: 2026-03-14_08-48-30_running_22167989866.json
21:20:25  INFO     Processing 6/107  [running] …
21:20:25  INFO       ↓ [22161817431] running           Munich Running
21:20:27  INFO         → parsed: 2026-03-13_17-19-26_running_22161817431.json
21:20:28  INFO     Processing 7/107  [running] …
21:20:28  INFO       ↓ [22159734857] running           Munich Running
21:20:29  INFO         → parsed: 2026-03-13_13-56-15_running_22159734857.json
21:20:31  INFO     Processing 8/107  [indoor_cycling] …
21:20:31  INFO       ↳ already present: 2026-03-13_11-00-00_cycling_22158010855.fit
21:20:31  INFO         .json already up to date: 2026-03-13_11-00-00_cycling_22158010855.json
21:20:32  INFO     Processing 9/107  [cycling] …
21:20:32  INFO       ↳ already present: 2026-03-12_17-04-42_cycling_22150767637.fit
21:20:32  INFO         .json already up to date: 2026-03-12_17-04-42_cycling_22150767637.json
21:20:34  INFO     Processing 10/107  [cycling] …
21:20:34  INFO       ↳ already present: 2026-03-12_09-09-53_cycling_22146744206.fit
21:20:34  INFO         .json already up to date: 2026-03-12_09-09-53_cycling_22146744206.json
21:20:35  INFO     Processing 11/107  [cycling] …
21:20:35  INFO       ↳ already present: 2026-03-11_17-55-16_cycling_22140360557.fit
21:20:35  INFO         .json already up to date: 2026-03-11_17-55-16_cycling_22140360557.json
21:20:37  INFO     Processing 12/107  [cycling] …
21:20:37  INFO       ↳ already present: 2026-03-11_14-05-25_cycling_22138023579.fit
21:20:37  INFO         .json already up to date: 2026-03-11_14-05-25_cycling_22138023579.json
21:20:38  INFO     Processing 13/107  [indoor_cycling] …
21:20:38  INFO       ↳ already present: 2026-03-11_12-38-15_cycling_22137154724.fit
21:20:38  INFO         .json already up to date: 2026-03-11_12-38-15_cycling_22137154724.json
21:20:40  INFO     Processing 14/107  [indoor_cycling] …
21:20:40  INFO       ↳ already present: 2026-03-11_12-13-30_cycling_22137154151.fit
21:20:40  INFO         .json already up to date: 2026-03-11_12-13-30_cycling_22137154151.json
21:20:41  INFO     Processing 15/107  [running] …
21:20:41  INFO       ↳ already present: 2026-03-10_17-37-00_running_22128738964.fit
21:20:41  INFO         .json already up to date: 2026-03-10_17-37-00_running_22128738964.json
21:20:43  INFO     Processing 16/107  [running] …
21:20:43  INFO       ↳ already present: 2026-03-10_13-26-07_running_22125956098.fit
21:20:43  INFO         .json already up to date: 2026-03-10_13-26-07_running_22125956098.json
21:20:44  INFO     Processing 17/107  [cycling] …
21:20:44  INFO       ↳ already present: 2026-03-10_11-18-21_cycling_22125220670.fit
21:20:44  INFO         .json already up to date: 2026-03-10_11-18-21_cycling_22125220670.json
21:20:46  INFO     Processing 18/107  [running] …
21:20:46  INFO       ↳ already present: 2026-03-09_17-29-09_running_22116926186.fit
21:20:46  INFO         .json already up to date: 2026-03-09_17-29-09_running_22116926186.json
21:20:47  INFO     Processing 19/107  [running] …
21:20:47  INFO       ↳ already present: 2026-03-09_13-14-12_running_22114159143.fit
21:20:47  INFO         .json already up to date: 2026-03-09_13-14-12_running_22114159143.json
21:20:49  INFO     Processing 20/107  [indoor_cycling] …
21:20:49  INFO       ↳ already present: 2026-03-09_11-20-52_cycling_22112797513.fit
21:20:49  INFO         .json already up to date: 2026-03-09_11-20-52_cycling_22112797513.json
21:20:50  INFO     Processing 21/107  [indoor_cycling] …
21:20:50  INFO       ↳ already present: 2026-03-09_11-09-46_cycling_22112796473.fit
21:20:50  INFO         .json already up to date: 2026-03-09_11-09-46_cycling_22112796473.json
21:20:52  INFO     Processing 22/107  [cycling] …
21:20:52  INFO       ↳ already present: 2026-03-08_13-47-00_cycling_22103117511.fit
21:20:52  INFO         .json already up to date: 2026-03-08_13-47-00_cycling_22103117511.json
21:20:53  INFO     Processing 23/107  [road_biking] …
21:20:53  INFO       ↳ already present: 2026-03-08_11-48-10_cycling_22102298627.fit
21:20:53  INFO         .json already up to date: 2026-03-08_11-48-10_cycling_22102298627.json
21:20:55  INFO     Processing 24/107  [road_biking] …
21:20:55  INFO       ↳ already present: 2026-03-07_14-16-57_cycling_22092552107.fit
21:20:55  INFO         .json already up to date: 2026-03-07_14-16-57_cycling_22092552107.json
21:20:56  INFO     Processing 25/107  [cycling] …
21:20:56  INFO       ↳ already present: 2026-03-07_13-48-00_cycling_22103125707.fit
21:20:56  INFO         .json already up to date: 2026-03-07_13-48-00_cycling_22103125707.json
21:20:58  INFO     Processing 26/107  [cycling] …
21:20:58  INFO       ↳ already present: 2026-03-07_12-05-40_cycling_22091451072.fit
21:20:58  INFO         .json already up to date: 2026-03-07_12-05-40_cycling_22091451072.json
21:20:59  INFO     Processing 27/107  [indoor_cycling] …
21:20:59  INFO       ↳ already present: 2026-03-06_15-00-00_cycling_22081866480.fit
21:20:59  INFO         .json already up to date: 2026-03-06_15-00-00_cycling_22081866480.json
21:21:01  INFO     Processing 28/107  [cycling] …
21:21:01  INFO       ↳ already present: 2026-03-06_13-50-26_cycling_22080816240.fit
21:21:01  INFO         .json already up to date: 2026-03-06_13-50-26_cycling_22080816240.json
21:21:02  INFO     Processing 29/107  [cycling] …
21:21:02  INFO       ↳ already present: 2026-03-06_08-49-00_cycling_22078593242.fit
21:21:02  INFO         .json already up to date: 2026-03-06_08-49-00_cycling_22078593242.json
21:21:04  INFO     Processing 30/107  [cycling] …
21:21:04  INFO       ↳ already present: 2026-03-05_15-32-15_cycling_22070887161.fit
21:21:04  INFO         .json already up to date: 2026-03-05_15-32-15_cycling_22070887161.json
21:21:05  INFO     Processing 31/107  [cycling] …
21:21:05  INFO       ↳ already present: 2026-03-05_12-59-11_cycling_22069393001.fit
21:21:05  INFO         .json already up to date: 2026-03-05_12-59-11_cycling_22069393001.json
21:21:07  INFO     Processing 32/107  [running] …
21:21:07  INFO       ↳ already present: 2026-03-04_17-17-16_running_22060816993.fit
21:21:07  INFO         .json already up to date: 2026-03-04_17-17-16_running_22060816993.json
21:21:08  INFO     Processing 33/107  [running] …
21:21:08  INFO       ↳ already present: 2026-03-04_15-02-01_running_22059197684.fit
21:21:08  INFO         .json already up to date: 2026-03-04_15-02-01_running_22059197684.json
21:21:10  INFO     Processing 34/107  [indoor_cycling] …
21:21:10  INFO       ↳ already present: 2026-03-04_11-29-00_cycling_22056854581.fit
21:21:10  INFO         .json already up to date: 2026-03-04_11-29-00_cycling_22056854581.json
21:21:11  INFO     Processing 35/107  [indoor_cycling] …
21:21:11  INFO       ↳ already present: 2026-03-04_10-57-33_cycling_22056853974.fit
21:21:11  INFO         .json already up to date: 2026-03-04_10-57-33_cycling_22056853974.json
21:21:13  INFO     Processing 36/107  [running] …
21:21:13  INFO       ↳ already present: 2026-03-03_17-17-03_running_22049140919.fit
21:21:13  INFO         .json already up to date: 2026-03-03_17-17-03_running_22049140919.json
21:21:14  INFO     Processing 37/107  [running] …
21:21:14  INFO       ↳ already present: 2026-03-03_11-36-54_running_22045157370.fit
21:21:14  INFO         .json already up to date: 2026-03-03_11-36-54_running_22045157370.json
21:21:16  INFO     Processing 38/107  [indoor_cycling] …
21:21:16  INFO       ↳ already present: 2026-03-02_17-54-20_cycling_22037643507.fit
21:21:16  INFO         .json already up to date: 2026-03-02_17-54-20_cycling_22037643507.json
21:21:17  INFO     Processing 39/107  [indoor_cycling] …
21:21:17  INFO       ↳ already present: 2026-03-02_17-29-45_cycling_22037268620.fit
21:21:17  INFO         .json already up to date: 2026-03-02_17-29-45_cycling_22037268620.json
21:21:19  INFO     Processing 40/107  [cycling] …
21:21:19  INFO       ↳ already present: 2026-03-02_16-13-45_cycling_22036447238.fit
21:21:19  INFO         .json already up to date: 2026-03-02_16-13-45_cycling_22036447238.json
21:21:20  INFO     Processing 41/107  [cycling] …
21:21:20  INFO       ↳ already present: 2026-03-02_10-42-02_cycling_22033431092.fit
21:21:20  INFO         .json already up to date: 2026-03-02_10-42-02_cycling_22033431092.json
21:21:22  INFO     Processing 42/107  [running] …
21:21:22  INFO       ↳ already present: 2026-03-01_12-22-14_running_22025214033.fit
21:21:22  INFO         .json already up to date: 2026-03-01_12-22-14_running_22025214033.json
21:21:23  INFO     Processing 43/107  [running] …
21:21:23  INFO       ↳ already present: 2026-02-28_08-46-38_running_22011473672.fit
21:21:23  INFO         .json already up to date: 2026-02-28_08-46-38_running_22011473672.json
21:21:25  INFO     Processing 44/107  [cycling] …
21:21:25  INFO       ↳ already present: 2026-02-27_15-18-00_cycling_22005333266.fit
21:21:25  INFO         .json already up to date: 2026-02-27_15-18-00_cycling_22005333266.json
21:21:26  INFO     Processing 45/107  [cycling] …
21:21:26  INFO       ↳ already present: 2026-02-27_14-57-23_cycling_22003358595.fit
21:21:26  INFO         .json already up to date: 2026-02-27_14-57-23_cycling_22003358595.json
21:21:28  INFO     Processing 46/107  [cycling] …
21:21:28  INFO       ↳ already present: 2026-02-27_12-38-27_cycling_22002064151.fit
21:21:28  INFO         .json already up to date: 2026-02-27_12-38-27_cycling_22002064151.json
21:21:29  INFO     Processing 47/107  [indoor_cycling] …
21:21:29  INFO       ↳ already present: 2026-02-27_10-59-56_cycling_22005633482.fit
21:21:29  INFO         .json already up to date: 2026-02-27_10-59-56_cycling_22005633482.json
21:21:31  INFO     Processing 48/107  [running] …
21:21:31  INFO       ↳ already present: 2026-02-26_17-06-09_running_21994244167.fit
21:21:31  INFO         .json already up to date: 2026-02-26_17-06-09_running_21994244167.json
21:21:32  INFO     Processing 49/107  [running] …
21:21:32  INFO       ↳ already present: 2026-02-26_13-35-41_running_21992087985.fit
21:21:32  INFO         .json already up to date: 2026-02-26_13-35-41_running_21992087985.json
21:21:34  INFO     Processing 50/107  [running] …
21:21:34  INFO       ↳ already present: 2026-02-25_17-53-56_running_21983714987.fit
21:21:34  INFO         .json already up to date: 2026-02-25_17-53-56_running_21983714987.json
21:21:35  INFO     Processing 51/107  [running] …
21:21:35  INFO       ↳ already present: 2026-02-25_13-27-02_running_21980723722.fit
21:21:35  INFO         .json already up to date: 2026-02-25_13-27-02_running_21980723722.json
21:21:37  INFO     Processing 52/107  [indoor_cycling] …
21:21:37  INFO       ↳ already present: 2026-02-25_11-36-51_cycling_21979305519.fit
21:21:37  INFO         .json already up to date: 2026-02-25_11-36-51_cycling_21979305519.json
21:21:38  INFO     Processing 53/107  [cycling] …
21:21:38  INFO       ↳ already present: 2026-02-24_18-04-28_cycling_21971967423.fit
21:21:38  INFO         .json already up to date: 2026-02-24_18-04-28_cycling_21971967423.json
21:21:40  INFO     Processing 54/107  [cycling] …
21:21:40  INFO       ↳ already present: 2026-02-24_14-37-37_cycling_21969706642.fit
21:21:40  INFO         .json already up to date: 2026-02-24_14-37-37_cycling_21969706642.json
21:21:41  INFO     Processing 55/107  [indoor_cycling] …
21:21:41  INFO       ↳ already present: 2026-02-24_12-20-28_cycling_21968502089.fit
21:21:41  INFO         .json already up to date: 2026-02-24_12-20-28_cycling_21968502089.json
21:21:43  INFO     Processing 56/107  [running] …
21:21:43  INFO       ↳ already present: 2026-02-23_18-09-49_running_21961090515.fit
21:21:43  INFO         .json already up to date: 2026-02-23_18-09-49_running_21961090515.json
21:21:44  INFO     Processing 57/107  [running] …
21:21:44  INFO       ↳ already present: 2026-02-23_14-27-00_running_21958836801.fit
21:21:44  INFO         .json already up to date: 2026-02-23_14-27-00_running_21958836801.json
21:21:46  INFO     Processing 58/107  [indoor_cycling] …
21:21:46  INFO       ↳ already present: 2026-02-23_11-23-13_cycling_21957024995.fit
21:21:46  INFO         .json already up to date: 2026-02-23_11-23-13_cycling_21957024995.json
21:21:47  INFO     Processing 59/107  [indoor_cycling] …
21:21:47  INFO       ↳ already present: 2026-02-23_10-58-31_cycling_21957024693.fit
21:21:47  INFO         .json already up to date: 2026-02-23_10-58-31_cycling_21957024693.json
21:21:49  INFO     Processing 60/107  [running] …
21:21:49  INFO       ↳ already present: 2026-02-22_15-01-19_running_21950561052.fit
21:21:49  INFO         .json already up to date: 2026-02-22_15-01-19_running_21950561052.json
21:21:50  INFO     Processing 61/107  [running] …
21:21:50  INFO       ↳ already present: 2026-02-21_16-12-02_running_21940151001.fit
21:21:50  INFO         .json already up to date: 2026-02-21_16-12-02_running_21940151001.json
21:21:52  INFO     Processing 62/107  [running] …
21:21:52  INFO       ↳ already present: 2026-02-20_08-03-10_running_21925021050.fit
21:21:52  INFO         .json already up to date: 2026-02-20_08-03-10_running_21925021050.json
21:21:53  INFO     Processing 63/107  [running] …
21:21:53  INFO       ↳ already present: 2026-02-18_17-43-54_running_21909326185.fit
21:21:53  INFO         .json already up to date: 2026-02-18_17-43-54_running_21909326185.json
21:21:55  INFO     Processing 64/107  [running] …
21:21:55  INFO       ↳ already present: 2026-02-18_12-53-34_running_21906387561.fit
21:21:55  INFO         .json already up to date: 2026-02-18_12-53-34_running_21906387561.json
21:21:56  INFO     Processing 65/107  [indoor_cycling] …
21:21:56  INFO       ↳ already present: 2026-02-18_11-02-57_cycling_21905214567.fit
21:21:56  INFO         .json already up to date: 2026-02-18_11-02-57_cycling_21905214567.json
21:21:58  INFO     Processing 66/107  [indoor_cycling] …
21:21:58  INFO       ↳ already present: 2026-02-18_10-38-06_cycling_21905214304.fit
21:21:58  INFO         .json already up to date: 2026-02-18_10-38-06_cycling_21905214304.json
21:21:59  INFO     Processing 67/107  [indoor_cycling] …
21:21:59  INFO       ↳ already present: 2026-02-18_10-17-31_cycling_21904826366.fit
21:21:59  INFO         .json already up to date: 2026-02-18_10-17-31_cycling_21904826366.json
21:22:01  INFO     Processing 68/107  [running] …
21:22:01  INFO       ↳ already present: 2026-02-17_17-53-05_running_21898513167.fit
21:22:01  INFO         .json already up to date: 2026-02-17_17-53-05_running_21898513167.json
21:22:02  INFO     Processing 69/107  [running] …
21:22:02  INFO       ↳ already present: 2026-02-17_13-14-38_running_21895572365.fit
21:22:02  INFO         .json already up to date: 2026-02-17_13-14-38_running_21895572365.json
21:22:04  INFO     Processing 70/107  [cycling] …
21:22:04  INFO       ↳ already present: 2026-02-16_17-40-15_cycling_21887220042.fit
21:22:04  INFO         .json already up to date: 2026-02-16_17-40-15_cycling_21887220042.json
21:22:05  INFO     Processing 71/107  [cycling] …
21:22:05  INFO       ↳ already present: 2026-02-16_14-56-19_cycling_21885601367.fit
21:22:05  INFO         .json already up to date: 2026-02-16_14-56-19_cycling_21885601367.json
21:22:07  INFO     Processing 72/107  [indoor_cycling] …
21:22:07  INFO       ↳ already present: 2026-02-16_11-59-17_cycling_21884080579.fit
21:22:07  INFO         .json already up to date: 2026-02-16_11-59-17_cycling_21884080579.json
21:22:08  INFO     Processing 73/107  [running] …
21:22:08  INFO       ↳ already present: 2026-02-15_13-04-45_running_21876290306.fit
21:22:08  INFO         .json already up to date: 2026-02-15_13-04-45_running_21876290306.json
21:22:10  INFO     Processing 74/107  [indoor_cycling] …
21:22:10  INFO       ↳ already present: 2026-02-14_18-05-57_cycling_21868513974.fit
21:22:10  INFO         .json already up to date: 2026-02-14_18-05-57_cycling_21868513974.json
21:22:11  INFO     Processing 75/107  [running] …
21:22:11  INFO       ↳ already present: 2026-02-14_08-49-32_running_21862826313.fit
21:22:11  INFO         .json already up to date: 2026-02-14_08-49-32_running_21862826313.json
21:22:13  INFO     Processing 76/107  [running] …
21:22:13  INFO       ↳ already present: 2026-02-13_17-13-37_running_21857276586.fit
21:22:13  INFO         .json already up to date: 2026-02-13_17-13-37_running_21857276586.json
21:22:14  INFO     Processing 77/107  [running] …
21:22:14  INFO       ↳ already present: 2026-02-13_12-34-49_running_21854695989.fit
21:22:14  INFO         .json already up to date: 2026-02-13_12-34-49_running_21854695989.json
21:22:16  INFO     Processing 78/107  [indoor_cycling] …
21:22:16  INFO       ↳ already present: 2026-02-13_06-59-59_cycling_21852280828.fit
21:22:16  INFO         .json already up to date: 2026-02-13_06-59-59_cycling_21852280828.json
21:22:17  INFO     Processing 79/107  [cycling] …
21:22:17  INFO       ↳ already present: 2026-02-12_14-00-00_cycling_21858805175.fit
21:22:17  INFO         .json already up to date: 2026-02-12_14-00-00_cycling_21858805175.json
21:22:19  INFO     Processing 80/107  [cycling] …
21:22:19  INFO       ↳ already present: 2026-02-12_13-30-00_cycling_21845009393.fit
21:22:19  INFO         .json already up to date: 2026-02-12_13-30-00_cycling_21845009393.json
21:22:20  INFO     Processing 81/107  [running] …
21:22:20  INFO       ↳ already present: 2026-02-12_10-48-49_running_21843994863.fit
21:22:20  INFO         .json already up to date: 2026-02-12_10-48-49_running_21843994863.json
21:22:22  INFO     Processing 82/107  [cycling] …
21:22:22  INFO       ↳ already present: 2026-02-11_18-06-07_cycling_21837211824.fit
21:22:22  INFO         .json already up to date: 2026-02-11_18-06-07_cycling_21837211824.json
21:22:23  INFO     Processing 83/107  [cycling] …
21:22:23  INFO       ↳ already present: 2026-02-11_15-19-04_cycling_21835553317.fit
21:22:23  INFO         .json already up to date: 2026-02-11_15-19-04_cycling_21835553317.json
21:22:25  INFO     Processing 84/107  [indoor_cycling] …
21:22:25  INFO       ↳ already present: 2026-02-11_10-07-23_cycling_21833014749.fit
21:22:25  INFO         .json already up to date: 2026-02-11_10-07-23_cycling_21833014749.json
21:22:26  INFO     Processing 85/107  [running] …
21:22:26  INFO       ↳ already present: 2026-02-10_18-31-26_running_21826791500.fit
21:22:26  INFO         .json already up to date: 2026-02-10_18-31-26_running_21826791500.json
21:22:28  INFO     Processing 86/107  [running] …
21:22:28  INFO       ↳ already present: 2026-02-10_14-59-23_running_21824527071.fit
21:22:28  INFO         .json already up to date: 2026-02-10_14-59-23_running_21824527071.json
21:22:29  INFO     Processing 87/107  [indoor_cycling] …
21:22:29  INFO       ↳ already present: 2026-02-10_12-24-40_cycling_21822864092.fit
21:22:29  INFO         .json already up to date: 2026-02-10_12-24-40_cycling_21822864092.json
21:22:31  INFO     Processing 88/107  [running] …
21:22:31  INFO       ↳ already present: 2026-02-09_17-46-01_running_21815352467.fit
21:22:31  INFO         .json already up to date: 2026-02-09_17-46-01_running_21815352467.json
21:22:32  INFO     Processing 89/107  [running] …
21:22:32  INFO       ↳ already present: 2026-02-09_12-20-56_running_21812238206.fit
21:22:32  INFO         .json already up to date: 2026-02-09_12-20-56_running_21812238206.json
21:22:34  INFO     Processing 90/107  [running] …
21:22:34  INFO       ↳ already present: 2026-02-08_10-00-04_running_21801227229.fit
21:22:34  INFO         .json already up to date: 2026-02-08_10-00-04_running_21801227229.json
21:22:35  INFO     Processing 91/107  [cycling] …
21:22:35  INFO       ↳ already present: 2026-02-07_09-56-52_cycling_21789842136.fit
21:22:35  INFO         .json already up to date: 2026-02-07_09-56-52_cycling_21789842136.json
21:22:37  INFO     Processing 92/107  [running] …
21:22:37  INFO       ↳ already present: 2026-02-07_09-03-42_running_21789838719.fit
21:22:37  INFO         .json already up to date: 2026-02-07_09-03-42_running_21789838719.json
21:22:38  INFO     Processing 93/107  [cycling] …
21:22:38  INFO       ↳ already present: 2026-02-07_08-52-46_cycling_21789829815.fit
21:22:38  INFO         .json already up to date: 2026-02-07_08-52-46_cycling_21789829815.json
21:22:40  INFO     Processing 94/107  [cycling] …
21:22:40  INFO       ↳ already present: 2026-02-06_16-59-26_cycling_21784103746.fit
21:22:40  INFO         .json already up to date: 2026-02-06_16-59-26_cycling_21784103746.json
21:22:41  INFO     Processing 95/107  [cycling] …
21:22:41  INFO       ↳ already present: 2026-02-06_14-52-35_cycling_21783038354.fit
21:22:41  INFO         .json already up to date: 2026-02-06_14-52-35_cycling_21783038354.json
21:22:43  INFO     Processing 96/107  [running] …
21:22:43  INFO       ↳ already present: 2026-02-06_12-54-39_running_21782057994.fit
21:22:43  INFO         .json already up to date: 2026-02-06_12-54-39_running_21782057994.json
21:22:44  INFO     Processing 97/107  [indoor_cycling] …
21:22:44  INFO       ↳ already present: 2026-02-06_11-04-45_cycling_21781037419.fit
21:22:44  INFO         .json already up to date: 2026-02-06_11-04-45_cycling_21781037419.json
21:22:46  INFO     Processing 98/107  [cycling] …
21:22:46  INFO       ↳ already present: 2026-02-05_17-44-09_cycling_21774471608.fit
21:22:46  INFO         .json already up to date: 2026-02-05_17-44-09_cycling_21774471608.json
21:22:47  INFO     Processing 99/107  [cycling] …
21:22:47  INFO       ↳ already present: 2026-02-05_13-50-08_cycling_21772450560.fit
21:22:47  INFO         .json already up to date: 2026-02-05_13-50-08_cycling_21772450560.json
21:22:49  INFO     Processing 100/107  [cycling] …
21:22:49  INFO       ↳ already present: 2026-02-04_17-55-48_cycling_21764137148.fit
21:22:49  INFO         .json already up to date: 2026-02-04_17-55-48_cycling_21764137148.json
21:22:50  INFO     Processing 101/107  [running] …
21:22:50  INFO       ↳ already present: 2026-02-04_12-53-55_running_21761457211.fit
21:22:50  INFO         .json already up to date: 2026-02-04_12-53-55_running_21761457211.json
21:22:52  INFO     Processing 102/107  [cycling] …
21:22:52  INFO       ↳ already present: 2026-02-04_09-53-59_cycling_21759610165.fit
21:22:52  INFO         .json already up to date: 2026-02-04_09-53-59_cycling_21759610165.json
21:22:53  INFO     Processing 103/107  [running] …
21:22:53  INFO       ↳ already present: 2026-02-03_17-34-19_running_21753039714.fit
21:22:53  INFO         .json already up to date: 2026-02-03_17-34-19_running_21753039714.json
21:22:55  INFO     Processing 104/107  [running] …
21:22:55  INFO       ↳ already present: 2026-02-03_13-25-43_running_21750689389.fit
21:22:55  INFO         .json already up to date: 2026-02-03_13-25-43_running_21750689389.json
21:22:56  INFO     Processing 105/107  [indoor_cycling] …
21:22:56  INFO       ↳ already present: 2026-02-03_11-26-33_cycling_21749341681.fit
21:22:56  INFO         .json already up to date: 2026-02-03_11-26-33_cycling_21749341681.json
21:22:58  INFO     Processing 106/107  [cycling] …
21:22:58  INFO       ↳ already present: 2026-02-02_17-04-39_cycling_21741842660.fit
21:22:58  INFO         .json already up to date: 2026-02-02_17-04-39_cycling_21741842660.json
21:22:59  INFO     Processing 107/107  [cycling] …
21:22:59  INFO       ↳ already present: 2026-02-02_11-23-20_cycling_21738821006.fit
21:22:59  INFO         .json already up to date: 2026-02-02_11-23-20_cycling_21738821006.json

──────────────────────────────────────────────────────────
  Downloaded : 107 file(s)  →  /home/gareth/PycharmProjects/pull_garmin_fitfiles/fit_files
             : 65 cycling  |  42 running
  Skipped    : 0  (already present)
  Failed     : 0
──────────────────────────────────────────────────────────
./run_on_startup.sh: line 8: ./rebuild_all.sh: Permission denied
=== Done Mo 16. Mär 21:22:59 CET 2026 ===
